[
  {
    "level": "INFO",
    "message": "android.ndkVersion from module build.gradle is 21.0.6113669"
  },
  {
    "level": "INFO",
    "message": "ndk.dir in local.properties is /Users/m.mostafa/Library/Android/sdk/ndk-bundle"
  },
  {
    "level": "INFO",
    "message": "ANDROID_NDK_HOME environment variable is not set"
  },
  {
    "level": "INFO",
    "message": "sdkFolder is /Users/m.mostafa/Library/Android/sdk"
  },
  {
    "level": "INFO",
    "message": "Considering /Users/m.mostafa/Library/Android/sdk/ndk-bundle by ndk.dir"
  },
  {
    "level": "INFO",
    "message": "Considering /Users/m.mostafa/Library/Android/sdk/ndk-bundle in SDK ndk-bundle folder"
  },
  {
    "level": "ERROR",
    "message": "Requested NDK version 21.0.6113669 did not match the version 21.3.6528147 requested by ndk.dir at /Users/m.mostafa/Library/Android/sdk/ndk-bundle"
  }
]